<?xml version="1.0" encoding="UTF-8"?>
<!-- Generated by org.testng.reporters.JUnitXMLReporter -->
<testsuite ignored="0" hostname="LTIN255069" failures="0" tests="3" name="Coursera Flow Check" time="196.49" errors="0" timestamp="2023-06-26T15:48:27 IST">
  <testcase classname="test.Main" name="searchAndRetrieveCourses" time="113.172"/>
  <testcase classname="test.Main" name="retrieveLanguageLevel" time="15.062"/>
  <testcase classname="test.Main" name="retrieveErrorMessage" time="40.379"/>
</testsuite> <!-- Coursera Flow Check -->
