<?xml version="1.0" encoding="UTF-8"?>
<!-- Generated by org.testng.reporters.JUnitXMLReporter -->
<testsuite ignored="0" hostname="LTIN255069" failures="0" tests="4" name="Coursera Flow Check" time="173.801" errors="0" timestamp="2023-06-20T14:09:05 IST">
  <testcase classname="test.Main" name="search" time="8.709"/>
  <testcase classname="test.Main" name="retrieveCourse" time="42.742"/>
  <testcase classname="test.Main" name="retrieveLanguageLevel" time="25.027"/>
  <testcase classname="test.Main" name="retrieveErrorMessage" time="61.868"/>
</testsuite> <!-- Coursera Flow Check -->
