<?xml version="1.0" encoding="UTF-8"?>
<!-- Generated by org.testng.reporters.JUnitXMLReporter -->
<testsuite ignored="3" hostname="LTIN255069" failures="0" tests="1" name="Default test(failed)" time="84.392" errors="0" timestamp="2023-05-21T00:33:59 IST">
  <testcase classname="Test.Main" name="retrieveErrorMessage" time="52.237"/>
  <testcase classname="Test.Main" name="search" time="0.0">
    <ignored/>
  </testcase> <!-- search -->
  <testcase classname="Test.Main" name="retrieveCourse" time="0.0">
    <ignored/>
  </testcase> <!-- retrieveCourse -->
  <testcase classname="Test.Main" name="retrieveLanguageLevel" time="0.0">
    <ignored/>
  </testcase> <!-- retrieveLanguageLevel -->
</testsuite> <!-- Default test(failed) -->
