<?xml version="1.0" encoding="UTF-8"?>
<testng-results ignored="0" total="3" passed="3" failed="0" skipped="0">
  <reporter-output>
  </reporter-output>
  <suite started-at="2023-06-26T15:45:10 IST" name="Coursera" finished-at="2023-06-26T15:48:27 IST" duration-ms="196490">
    <groups>
      <group name="Smoke Suite">
        <method signature="Main.searchAndRetrieveCourses()[pri:0, instance:test.Main@57a3e26a]" name="searchAndRetrieveCourses" class="test.Main"/>
      </group> <!-- Smoke Suite -->
      <group name="Regression Suite">
        <method signature="Main.retrieveLanguageLevel()[pri:1, instance:test.Main@57a3e26a]" name="retrieveLanguageLevel" class="test.Main"/>
        <method signature="Main.retrieveErrorMessage()[pri:2, instance:test.Main@57a3e26a]" name="retrieveErrorMessage" class="test.Main"/>
      </group> <!-- Regression Suite -->
    </groups>
    <test started-at="2023-06-26T15:45:10 IST" name="Coursera Flow Check" finished-at="2023-06-26T15:48:27 IST" duration-ms="196490">
      <class name="test.Main">
        <test-method is-config="true" signature="setUp()[pri:0, instance:test.Main@57a3e26a]" started-at="2023-06-26T15:45:10 IST" name="setUp" finished-at="2023-06-26T15:45:35 IST" duration-ms="24605" status="PASS">
          <reporter-output>
          </reporter-output>
        </test-method> <!-- setUp -->
        <test-method is-config="true" signature="startTest()[pri:0, instance:test.Main@57a3e26a]" started-at="2023-06-26T15:45:35 IST" name="startTest" finished-at="2023-06-26T15:45:37 IST" duration-ms="2044" status="PASS">
          <reporter-output>
          </reporter-output>
        </test-method> <!-- startTest -->
        <test-method signature="searchAndRetrieveCourses()[pri:0, instance:test.Main@57a3e26a]" started-at="2023-06-26T15:45:37 IST" name="searchAndRetrieveCourses" finished-at="2023-06-26T15:47:30 IST" duration-ms="113172" status="PASS">
          <reporter-output>
          </reporter-output>
        </test-method> <!-- searchAndRetrieveCourses -->
        <test-method signature="retrieveLanguageLevel()[pri:1, instance:test.Main@57a3e26a]" started-at="2023-06-26T15:47:30 IST" name="retrieveLanguageLevel" finished-at="2023-06-26T15:47:45 IST" duration-ms="15062" status="PASS">
          <reporter-output>
          </reporter-output>
        </test-method> <!-- retrieveLanguageLevel -->
        <test-method signature="retrieveErrorMessage()[pri:2, instance:test.Main@57a3e26a]" started-at="2023-06-26T15:47:45 IST" name="retrieveErrorMessage" finished-at="2023-06-26T15:48:25 IST" duration-ms="40379" status="PASS">
          <reporter-output>
          </reporter-output>
        </test-method> <!-- retrieveErrorMessage -->
        <test-method is-config="true" signature="endTest()[pri:0, instance:test.Main@57a3e26a]" started-at="2023-06-26T15:48:25 IST" name="endTest" finished-at="2023-06-26T15:48:26 IST" duration-ms="746" status="PASS">
          <reporter-output>
          </reporter-output>
        </test-method> <!-- endTest -->
        <test-method is-config="true" signature="close()[pri:0, instance:test.Main@57a3e26a]" started-at="2023-06-26T15:48:26 IST" name="close" finished-at="2023-06-26T15:48:27 IST" duration-ms="334" status="PASS">
          <reporter-output>
          </reporter-output>
        </test-method> <!-- close -->
      </class> <!-- test.Main -->
    </test> <!-- Coursera Flow Check -->
  </suite> <!-- Coursera -->
</testng-results>
